[I 15:47:36.871 NotebookApp] Writing notebook server cookie secret to /run/user/1009/jupyter/notebook_cookie_secret
[I 15:47:37.636 NotebookApp] Serving notebooks from local directory: /home/cai
[I 15:47:37.636 NotebookApp] The Jupyter Notebook is running at:
[I 15:47:37.636 NotebookApp] http://(IRIP4001 or 127.0.0.1):8888/
[I 15:47:37.636 NotebookApp] Use Control-C to stop this server and shut down all kernels (twice to skip confirmation).
[W 15:47:45.667 NotebookApp] Clearing invalid/expired login cookie username-10-133-6-248-8888
[I 15:47:45.668 NotebookApp] 302 GET /tree? (10.135.3.100) 2.79ms
[I 15:47:47.602 NotebookApp] 302 POST /login?next=%2Ftree%3F (10.135.3.100) 2.03ms
[I 15:47:57.808 NotebookApp] Writing notebook-signing key to /home/cai/.local/share/jupyter/notebook_secret
[W 15:47:57.841 NotebookApp] Notebook project/RFB-Keras/rfb_ssd_detection.ipynb is not trusted
[W 15:47:58.067 NotebookApp] 404 GET /nbextensions/widgets/notebook/js/extension.js?v=20181222154736 (10.135.3.100) 28.39ms referer=http://10.133.6.248:8888/notebooks/project/RFB-Keras/rfb_ssd_detection.ipynb
[I 15:48:00.395 NotebookApp] Kernel started: 068d255a-5b75-4837-bf05-46e66e570ff5
[I 15:48:01.536 NotebookApp] Adapting to protocol v5.1 for kernel 068d255a-5b75-4837-bf05-46e66e570ff5
[I 15:50:02.075 NotebookApp] Saving file at /project/RFB-Keras/rfb_ssd_detection.ipynb
[W 15:50:02.078 NotebookApp] Notebook project/RFB-Keras/rfb_ssd_detection.ipynb is not trusted
[I 15:52:02.112 NotebookApp] Saving file at /project/RFB-Keras/rfb_ssd_detection.ipynb
[W 15:52:02.115 NotebookApp] Notebook project/RFB-Keras/rfb_ssd_detection.ipynb is not trusted
2018-12-22 15:53:28.763139: I tensorflow/core/platform/cpu_feature_guard.cc:141] Your CPU supports instructions that this TensorFlow binary was not compiled to use: AVX2 FMA
2018-12-22 15:53:29.142105: I tensorflow/core/common_runtime/gpu/gpu_device.cc:1432] Found device 0 with properties: 
name: GeForce GTX 1080 Ti major: 6 minor: 1 memoryClockRate(GHz): 1.6325
pciBusID: 0000:03:00.0
totalMemory: 10.92GiB freeMemory: 1.81GiB
2018-12-22 15:53:29.142149: I tensorflow/core/common_runtime/gpu/gpu_device.cc:1511] Adding visible gpu devices: 0
2018-12-22 15:53:34.648135: I tensorflow/core/common_runtime/gpu/gpu_device.cc:982] Device interconnect StreamExecutor with strength 1 edge matrix:
2018-12-22 15:53:34.648205: I tensorflow/core/common_runtime/gpu/gpu_device.cc:988]      0 
2018-12-22 15:53:34.648220: I tensorflow/core/common_runtime/gpu/gpu_device.cc:1001] 0:   N 
2018-12-22 15:53:34.684093: I tensorflow/core/common_runtime/gpu/gpu_device.cc:1115] Created TensorFlow device (/job:localhost/replica:0/task:0/device:GPU:0 with 1566 MB memory) -> physical GPU (device: 0, name: GeForce GTX 1080 Ti, pci bus id: 0000:03:00.0, compute capability: 6.1)
[I 15:54:02.208 NotebookApp] Saving file at /project/RFB-Keras/rfb_ssd_detection.ipynb
[W 15:54:02.212 NotebookApp] Notebook project/RFB-Keras/rfb_ssd_detection.ipynb is not trusted
